<?xml version="1.0" encoding="UTF-8"?>
<!-- Generated by org.testng.reporters.JUnitReportReporter -->
<testsuite hostname="ABHIR-QA" failures="0" tests="3" name="Nou_testTime_entry.Nou_time_today" time="108.129" errors="0" timestamp="2025-01-13T18:27:03 IST" skipped="1">
  <testcase classname="Nou_testTime_entry.Nou_time_today" name="login" time="8.342"/>
  <testcase classname="Nou_testTime_entry.Nou_time_today" name="click_my_time" time="99.787"/>
  <testcase classname="Nou_testTime_entry.Nou_time_today" name="PTO">
    <skipped/>
  </testcase> <!-- PTO -->
</testsuite> <!-- Nou_testTime_entry.Nou_time_today -->
