<?xml version="1.0" encoding="UTF-8"?>
<!-- Generated by org.testng.reporters.JUnitReportReporter -->
<testsuite hostname="ABHIR-QA" failures="0" tests="3" name="Nou_test.Time_entry.Nou_time_entry" time="166.473" errors="0" timestamp="2025-01-10T13:19:14 IST" skipped="1">
  <testcase classname="Nou_test.Time_entry.Nou_time_entry" name="login" time="8.499"/>
  <testcase classname="Nou_test.Time_entry.Nou_time_entry" name="click_my_time" time="157.974"/>
  <testcase classname="Nou_test.Time_entry.Nou_time_entry" name="PTO">
    <skipped/>
  </testcase> <!-- PTO -->
</testsuite> <!-- Nou_test.Time_entry.Nou_time_entry -->
