<?xml version="1.0" encoding="UTF-8"?>
<!-- Generated by org.testng.reporters.JUnitReportReporter -->
<testsuite hostname="ABHIR-QA" failures="0" tests="3" name="Nou_testTime_entry.Nou_time_today" time="34.588" errors="0" timestamp="2025-01-14T11:28:46 IST" skipped="1">
  <testcase classname="Nou_testTime_entry.Nou_time_today" name="login" time="8.964"/>
  <testcase classname="Nou_testTime_entry.Nou_time_today" name="click_my_time" time="25.624"/>
  <testcase classname="Nou_testTime_entry.Nou_time_today" name="PTO">
    <skipped/>
  </testcase> <!-- PTO -->
</testsuite> <!-- Nou_testTime_entry.Nou_time_today -->
